Using pre-set license
Built from '2021.1/staging' branch; Version is '2021.1.7f1 (d91830b65d9b) revision 14227504'; Using compiler version '192528614'; Build Type 'Release'
OS: 'Windows 10 Home; OS build 19041.985; Version 2004; 64bit' Language: 'en' Physical Memory: 4058 MB
BatchMode: 1, IsHumanControllingUs: 0, StartBugReporterOnCrash: 0, Is64bit: 1, IsPro: 0

 COMMAND LINE ARGUMENTS:
C:\Program Files\Unity\Hub\Editor\2021.1.7f1\Editor\Unity.exe
-adb2
-batchMode
-noUpm
-name
AssetImportWorker1
-projectPath
C:/Users/vinht/OneDrive/Desktop/New Unity Project
-logFile
Logs/AssetImportWorker1.log
-srvPort
53119
Successfully changed project path to: C:/Users/vinht/OneDrive/Desktop/New Unity Project
C:/Users/vinht/OneDrive/Desktop/New Unity Project
Using Asset Import Pipeline V2.
Refreshing native plugins compatible for Editor in 159.45 ms, found 1 plugins.
Preloading 0 native plugins for Editor in 0.00 ms.
Initialize engine version: 2021.1.7f1 (d91830b65d9b)
[Subsystems] Discovering subsystems at path C:/Program Files/Unity/Hub/Editor/2021.1.7f1/Editor/Data/Resources/UnitySubsystems
[Subsystems] Discovering subsystems at path C:/Users/vinht/OneDrive/Desktop/New Unity Project/Assets
GfxDevice: creating device client; threaded=0; jobified=0
Direct3D:
    Version:  Direct3D 11.0 [level 11.1]
    Renderer: NVIDIA GeForce GTX 950 (ID=0x1402)
    Vendor:   NVIDIA
    VRAM:     2007 MB
    Driver:   27.21.14.5671
Shader 'Universal Render Pipeline/Particles/Lit': fallback shader 'Universal Render Pipeline/Particles/SimpleLit' not found
Initialize mono
Mono path[0] = 'C:/Program Files/Unity/Hub/Editor/2021.1.7f1/Editor/Data/Managed'
Mono path[1] = 'C:/Program Files/Unity/Hub/Editor/2021.1.7f1/Editor/Data/MonoBleedingEdge/lib/mono/unityjit'
Mono config path = 'C:/Program Files/Unity/Hub/Editor/2021.1.7f1/Editor/Data/MonoBleedingEdge/etc'
Using monoOptions --debugger-agent=transport=dt_socket,embedding=1,server=y,suspend=n,address=127.0.0.1:56460
Begin MonoManager ReloadAssembly
Registering precompiled unity dll's ...
Register platform support module: C:/Program Files/Unity/Hub/Editor/2021.1.7f1/Editor/Data/PlaybackEngines/WindowsStandaloneSupport/UnityEditor.WindowsStandalone.Extensions.dll
Registered in 0.003836 seconds.
Native extension for WindowsStandalone target not found
Refreshing native plugins compatible for Editor in 147.87 ms, found 1 plugins.
Preloading 0 native plugins for Editor in 0.00 ms.
Mono: successfully reloaded assembly
- Completed reload, in  2.546 seconds
Platform modules already initialized, skipping
Registering precompiled user dll's ...
Registered in 0.013522 seconds.
Begin MonoManager ReloadAssembly
Symbol file LoadedFromMemory doesn't match image C:\Users\vinht\OneDrive\Desktop\New Unity Project\Library\PackageCache\com.unity.visualscripting@1.6.1\Editor\VisualScripting.Core\Dependencies\YamlDotNet\Unity.VisualScripting.YamlDotNet.dll
Symbol file LoadedFromMemory doesn't match image C:\Users\vinht\OneDrive\Desktop\New Unity Project\Library\PackageCache\com.unity.visualscripting@1.6.1\Editor\VisualScripting.Core\Dependencies\DotNetZip\Unity.VisualScripting.IonicZip.dll
Native extension for WindowsStandalone target not found
Refreshing native plugins compatible for Editor in 164.77 ms, found 1 plugins.
Preloading 0 native plugins for Editor in 0.00 ms.
Refreshing native plugins compatible for Editor in 0.99 ms, found 1 plugins.
Mono: successfully reloaded assembly
- Completed reload, in  1.713 seconds
Platform modules already initialized, skipping
========================================================================
Worker process is ready to serve import requests
Shader 'Universal Render Pipeline/Particles/Lit': fallback shader 'Universal Render Pipeline/Particles/SimpleLit' not found
Launched and connected shader compiler UnityShaderCompiler.exe after 0.08 seconds
Refreshing native plugins compatible for Editor in 0.98 ms, found 1 plugins.
Preloading 0 native plugins for Editor in 0.00 ms.
Unloading 4769 Unused Serialized files (Serialized files now loaded: 0)
System memory in use before: 180.7 MB.
System memory in use after: 180.8 MB.

Unloading 39 unused Assets to reduce memory usage. Loaded Objects now: 5210.
Total: 4.130900 ms (FindLiveObjects: 0.363800 ms CreateObjectMapping: 0.260300 ms MarkObjects: 3.056100 ms  DeleteObjects: 0.449200 ms)

========================================================================
Received Import Request.
  path: Assets/Scenes/Start.unity
  artifactKey: Guid(66b8e0d49d006dd4cb32d8b0fa444728) Importer(815301076,1909f56bfc062723c751e8b465ee728b)
Start importing Assets/Scenes/Start.unity using Guid(66b8e0d49d006dd4cb32d8b0fa444728) Importer(815301076,1909f56bfc062723c751e8b465ee728b)  -> (artifact id: '1aaba0579a628471cef705209ec3b1f0') in 0.030411 seconds 
========================================================================
Received Import Request.
  Time since last request: 118.463600 seconds.
  path: Assets/Scenes/Main.unity
  artifactKey: Guid(678d462d33ebdd7419400a9476bf6759) Importer(815301076,1909f56bfc062723c751e8b465ee728b)
Start importing Assets/Scenes/Main.unity using Guid(678d462d33ebdd7419400a9476bf6759) Importer(815301076,1909f56bfc062723c751e8b465ee728b)  -> (artifact id: '9733c1e3d6bc6caaf22f43462c367cb6') in 0.007973 seconds 
========================================================================
Received Import Request.
  Time since last request: 52.411063 seconds.
  path: Assets/Scenes/MainSettings.lighting
  artifactKey: Guid(51553cd0f025587438e95bec4f46f572) Importer(815301076,1909f56bfc062723c751e8b465ee728b)
Start importing Assets/Scenes/MainSettings.lighting using Guid(51553cd0f025587438e95bec4f46f572) Importer(815301076,1909f56bfc062723c751e8b465ee728b) LightingSettings: switching bake backend from 1 to 0.
 -> (artifact id: 'ad9448426e069709ca339e95f15d93ef') in 0.052490 seconds 
========================================================================
Received Import Request.
  Time since last request: 4.643929 seconds.
  path: Assets/Scenes/Shop.unity
  artifactKey: Guid(c81bf86fb95a26446ae42f499fcbc766) Importer(815301076,1909f56bfc062723c751e8b465ee728b)
Start importing Assets/Scenes/Shop.unity using Guid(c81bf86fb95a26446ae42f499fcbc766) Importer(815301076,1909f56bfc062723c751e8b465ee728b)  -> (artifact id: '31799d6896bb8c0f64ace0bd2ca4b463') in 0.008736 seconds 
AssetImportWorkerClient::OnTransportError - code=2 error=End of file
